
> bakery-ims@0.0.1 check
> svelte-kit sync && svelte-check --tsconfig ./tsconfig.json

Loading svelte-check in workspace: /app
Getting Svelte diagnostics...

/app/src/lib/components/BottomNav.svelte:68:5
Warn: Visible, non-interactive elements with a click event must be accompanied by a keyboard event handler. Consider whether an interactive element such as `<button type="button">` or `<a>` might be more appropriate
https://svelte.dev/e/a11y_click_events_have_key_events (svelte)
{#if isMenuOpen}
    <div
        class="fixed inset-0 z-50 bg-black/50 lg:hidden"
        transition:fade={{ duration: 150 }}
        on:click={closeMenu}
    ></div>

/app/src/lib/components/BottomNav.svelte:68:5
Warn: `<div>` with a click handler must have an ARIA role
https://svelte.dev/e/a11y_no_static_element_interactions (svelte)
{#if isMenuOpen}
    <div
        class="fixed inset-0 z-50 bg-black/50 lg:hidden"
        transition:fade={{ duration: 150 }}
        on:click={closeMenu}
    ></div>

/app/src/lib/components/BottomNav.svelte:81:17
Warn: Buttons and links should either contain text or have an `aria-label`, `aria-labelledby` or `title` attribute
https://svelte.dev/e/a11y_consider_explicit_label (svelte)
                <h3 class="font-bold text-lg text-primary">Menu Chức năng</h3>
                <button class="btn btn-sm btn-circle btn-ghost" on:click={closeMenu}>
                    <svg xmlns="http://www.w3.org/2000/svg" class="h-6 w-6" fill="none" viewBox="0 0 24 24" stroke="currentColor"><path stroke-linecap="round" stroke-linejoin="round" stroke-width="2" d="M6 18L18 6M6 6l12 12" /></svg>
                </button>
            </div>

/app/src/lib/components/Navbar.svelte:29:4
Warn: noninteractive element cannot have nonnegative tabIndex value
https://svelte.dev/e/a11y_no_noninteractive_tabindex (svelte)
			</div>
			<ul tabindex="0" class="menu menu-sm dropdown-content mt-3 z-[1] p-2 shadow bg-base-100 rounded-box w-52">
				<li><a href="/" class="{activeRoute === '/' ? 'active' : ''}">Dashboard</a></li>

                <li class="menu-title">Quản lý</li>
                {#if canManage}
                    <li><a href="/ingredients" class="{activeRoute.startsWith('/ingredients') ? 'active' : ''}">Nguyên liệu</a></li>
                    <li><a href="/imports" class="{activeRoute.startsWith('/imports') ? 'active' : ''}">Nhập hàng</a></li>
                {/if}

                {#if canSell}
                    <li><a href="/partners" class="{activeRoute.startsWith('/partners') ? 'active' : ''}">Đối tác</a></li>
                {/if}

                {#if canManage || canSell}
                    <li><a href="/reports" class="{activeRoute.startsWith('/reports') ? 'active' : ''}">Báo cáo</a></li>
                {/if}

                {#if isAdmin}
                     <li class="menu-title">Admin</li>
                     <li><a href="/admin/users" class="{activeRoute.startsWith('/admin/users') ? 'active' : ''} text-secondary">Quản lý User</a></li>
                     <li><a href="/admin/roles" class="{activeRoute.startsWith('/admin/roles') ? 'active' : ''} text-secondary">Phân quyền</a></li>
                     <li><a href="/history" class="{activeRoute.startsWith('/history') ? 'active' : ''}">Lịch sử HT</a></li>
                {/if}
			</ul>
		</div>

/app/src/lib/components/Navbar.svelte:64:13
Warn: noninteractive element cannot have nonnegative tabIndex value
https://svelte.dev/e/a11y_no_noninteractive_tabindex (svelte)
            </div>
            <ul tabindex="0" class="menu menu-sm dropdown-content mt-3 z-[1] p-2 shadow bg-base-100 rounded-box w-52">
                <li class="menu-title">{$authStore.user?.email}</li>
                <li><button on:click={handleLogout}>Đăng xuất</button></li>
            </ul>
        </div>

/app/src/lib/components/Navbar.svelte:107:17
Warn: noninteractive element cannot have nonnegative tabIndex value
https://svelte.dev/e/a11y_no_noninteractive_tabindex (svelte)
                </div>
                <ul tabindex="0" class="menu menu-sm dropdown-content mt-3 z-[1] p-2 shadow bg-base-100 rounded-box w-52">
                    <li class="menu-title">{$authStore.user.email}</li>
                    <li class="menu-title text-primary font-bold uppercase text-xs">Role: {$authStore.user.role}</li>
                    <li><button on:click={handleLogout}>Đăng xuất</button></li>
                </ul>
            </div>

/app/src/routes/admin/roles/+page.svelte:145:21
Warn: Visible, non-interactive elements with a click event must be accompanied by a keyboard event handler. Consider whether an interactive element such as `<button type="button">` or `<a>` might be more appropriate
https://svelte.dev/e/a11y_click_events_have_key_events (svelte)
                {#each roles as role}
                    <a
                        class="tab flex-shrink-0 {activeRoleTab === role.id ? 'tab-active' : ''}"
                        on:click={() => activeRoleTab = role.id}
                    >
                        {role.name}
                    </a>
                {/each}

/app/src/routes/admin/roles/+page.svelte:145:21
Warn: `<a>` with a click handler must have an ARIA role
https://svelte.dev/e/a11y_no_static_element_interactions (svelte)
                {#each roles as role}
                    <a
                        class="tab flex-shrink-0 {activeRoleTab === role.id ? 'tab-active' : ''}"
                        on:click={() => activeRoleTab = role.id}
                    >
                        {role.name}
                    </a>
                {/each}

/app/src/routes/admin/roles/+page.svelte:145:21
Warn: `<a>` element should have an href attribute
https://svelte.dev/e/a11y_missing_attribute (svelte)
                {#each roles as role}
                    <a
                        class="tab flex-shrink-0 {activeRoleTab === role.id ? 'tab-active' : ''}"
                        on:click={() => activeRoleTab = role.id}
                    >
                        {role.name}
                    </a>
                {/each}

/app/src/routes/admin/users/+page.svelte:161:25
Warn: A form label must be associated with a control
https://svelte.dev/e/a11y_label_has_associated_control (svelte)
                    <div class="form-control w-full md:w-1/3">
                        <label class="label pt-0"><span class="label-text">Email Google</span></label>
                        <input type="email" bind:value={inviteEmail} placeholder="user@gmail.com" class="input input-bordered w-full" />

/app/src/routes/admin/users/+page.svelte:165:25
Warn: A form label must be associated with a control
https://svelte.dev/e/a11y_label_has_associated_control (svelte)
                    <div class="form-control w-full md:w-1/4">
                        <label class="label pt-0"><span class="label-text">Vai trò dự kiến</span></label>
                        <select bind:value={inviteRole} class="select select-bordered w-full">

/app/src/routes/admin/users/+page.svelte:231:37
Warn: A form label must be associated with a control
https://svelte.dev/e/a11y_label_has_associated_control (svelte)
                                <div class="form-control">
                                    <label class="label pt-0"><span class="label-text text-xs uppercase font-bold text-slate-400">Vai trò</span></label>
                                    <select

/app/src/routes/assets/+page.svelte:165:4
Warn: A form label must be associated with a control
https://svelte.dev/e/a11y_label_has_associated_control (svelte)
		<div class="form-control w-full mb-3">
			<label class="label">Tên Tài sản</label>
			<input type="text" bind:value={formData.name} class="input input-bordered w-full" placeholder="VD: Lò nướng Sanaky" />

/app/src/routes/assets/+page.svelte:170:17
Warn: A form label must be associated with a control
https://svelte.dev/e/a11y_label_has_associated_control (svelte)
            <div class="form-control">
                <label class="label">Loại</label>
                <select bind:value={formData.category} class="select select-bordered">

/app/src/routes/assets/+page.svelte:178:17
Warn: A form label must be associated with a control
https://svelte.dev/e/a11y_label_has_associated_control (svelte)
            <div class="form-control">
                <label class="label">Giá mua (đ)</label>
                <input type="number" bind:value={formData.originalPrice} class="input input-bordered" />

/app/src/routes/assets/+page.svelte:184:17
Warn: A form label must be associated with a control
https://svelte.dev/e/a11y_label_has_associated_control (svelte)
            <div class="form-control">
                <label class="label text-success">Tốt</label>
                <input type="number" bind:value={formData.quantity.good} class="input input-bordered input-sm" />

/app/src/routes/assets/+page.svelte:188:17
Warn: A form label must be associated with a control
https://svelte.dev/e/a11y_label_has_associated_control (svelte)
            <div class="form-control">
                <label class="label text-warning">Hỏng</label>
                <input type="number" bind:value={formData.quantity.broken} class="input input-bordered input-sm" />

/app/src/routes/assets/+page.svelte:192:17
Warn: A form label must be associated with a control
https://svelte.dev/e/a11y_label_has_associated_control (svelte)
            <div class="form-control">
                <label class="label text-error">Mất</label>
                <input type="number" bind:value={formData.quantity.lost} class="input input-bordered input-sm" />

/app/src/routes/assets/+page.svelte:80:8
Error: Cannot use 'hasPermission' as a store. 'hasPermission' needs to be an object with a subscribe method on it.

No overload matches this call.
  Overload 1 of 2, '(store: SvelteStore<any>): any', gave the following error.
    Argument of type '(perm: Permission) => Readable<boolean>' is not assignable to parameter of type 'SvelteStore<any>'.
  Overload 2 of 2, '(store: SvelteStore<any> | null | undefined): any', gave the following error.
    Argument of type '(perm: Permission) => Readable<boolean>' is not assignable to parameter of type 'SvelteStore<any>'. (ts)
		<h1 class="text-2xl font-bold">Kho Công cụ & Tài sản</h1>
		{#if $hasPermission('manage_assets')}
			<button class="btn btn-primary" on:click={openAddModal}>+ Thêm Tài sản</button>

/app/src/routes/expenses/+page.svelte:166:29
Warn: A form label must be associated with a control
https://svelte.dev/e/a11y_label_has_associated_control (svelte)
                        <div class="form-control">
                            <label class="label"><span class="label-text">Ngày Chi</span></label>
                            <input type="date" bind:value={expenseData.date} class="input input-bordered w-full" />

/app/src/routes/expenses/+page.svelte:170:29
Warn: A form label must be associated with a control
https://svelte.dev/e/a11y_label_has_associated_control (svelte)
                        <div class="form-control">
                            <label class="label"><span class="label-text">Số tiền (đ)</span></label>
                            <input type="number" bind:value={expenseData.amount} min="0" class="input input-bordered w-full font-bold text-right" placeholder="0" />

/app/src/routes/expenses/+page.svelte:178:29
Warn: A form label must be associated with a control
https://svelte.dev/e/a11y_label_has_associated_control (svelte)
                        <div class="form-control">
                            <label class="label"><span class="label-text">Loại Chi phí</span></label>
                            <select bind:value={expenseData.categoryId} class="select select-bordered w-full" disabled={categories.length === 0}>

/app/src/routes/expenses/+page.svelte:187:29
Warn: A form label must be associated with a control
https://svelte.dev/e/a11y_label_has_associated_control (svelte)
                        <div class="form-control">
                            <label class="label"><span class="label-text">Nhà cung cấp</span></label>
                            <select bind:value={expenseData.selectedSupplierId} class="select select-bordered w-full" disabled={suppliers.length === 0}>

/app/src/routes/expenses/+page.svelte:199:25
Warn: A form label must be associated with a control
https://svelte.dev/e/a11y_label_has_associated_control (svelte)
                    <div class="form-control">
                        <label class="label"><span class="label-text">Mô tả Chi tiết</span></label>
                        <input type="text" bind:value={expenseData.description} class="input input-bordered w-full" placeholder="VD: Mua lò nướng, Trả tiền điện..." />

/app/src/routes/expenses/+page.svelte:153:10
Error: Cannot use 'hasPermission' as a store. 'hasPermission' needs to be an object with a subscribe method on it.

No overload matches this call.
  Overload 1 of 2, '(store: SvelteStore<any>): any', gave the following error.
    Argument of type '(perm: Permission) => Readable<boolean>' is not assignable to parameter of type 'SvelteStore<any>'.
  Overload 2 of 2, '(store: SvelteStore<any> | null | undefined): any', gave the following error.
    Argument of type '(perm: Permission) => Readable<boolean>' is not assignable to parameter of type 'SvelteStore<any>'. (ts)

    {#if $hasPermission('manage_expenses')}
        <div class="card bg-base-100 shadow-sm border border-slate-200 mb-8">

/app/src/routes/imports/+page.svelte:196:17
Warn: A form label must be associated with a control
https://svelte.dev/e/a11y_label_has_associated_control (svelte)
            <div class="form-control w-full">
                <label class="label"><span class="label-text">Ngày Nhập</span></label>
                <input type="date" bind:value={importDate} class="input input-bordered w-full" />

/app/src/routes/imports/+page.svelte:201:17
Warn: A form label must be associated with a control
https://svelte.dev/e/a11y_label_has_associated_control (svelte)
            <div class="form-control w-full">
                <label class="label"><span class="label-text">Nhà cung cấp</span></label>
                <select

/app/src/routes/imports/+page.svelte:218:17
Warn: Visible, non-interactive elements with a click event must be accompanied by a keyboard event handler. Consider whether an interactive element such as `<button type="button">` or `<a>` might be more appropriate
https://svelte.dev/e/a11y_click_events_have_key_events (svelte)
            {#each importItems as item, i}
                <div class="bg-base-50 p-3 rounded-lg border border-slate-200 relative" on:click={() => openEditItem(i)}>
                    <div class="font-bold text-slate-700">{item.tempIngredient?.name || 'Chọn NVL...'}</div>
                    <div class="flex justify-between items-end mt-1">
                        <div class="text-sm">
                            {item.quantity} <span class="text-gray-500">{item.tempIngredient?.baseUnit}</span>
                        </div>
                        <div class="text-primary font-bold">
                            {item.price.toLocaleString()} đ
                        </div>
                    </div>
                    <div class="text-xs text-gray-400 mt-1 text-right">Chạm để sửa</div>
                </div>
            {/each}

/app/src/routes/imports/+page.svelte:218:17
Warn: `<div>` with a click handler must have an ARIA role
https://svelte.dev/e/a11y_no_static_element_interactions (svelte)
            {#each importItems as item, i}
                <div class="bg-base-50 p-3 rounded-lg border border-slate-200 relative" on:click={() => openEditItem(i)}>
                    <div class="font-bold text-slate-700">{item.tempIngredient?.name || 'Chọn NVL...'}</div>
                    <div class="flex justify-between items-end mt-1">
                        <div class="text-sm">
                            {item.quantity} <span class="text-gray-500">{item.tempIngredient?.baseUnit}</span>
                        </div>
                        <div class="text-primary font-bold">
                            {item.price.toLocaleString()} đ
                        </div>
                    </div>
                    <div class="text-xs text-gray-400 mt-1 text-right">Chạm để sửa</div>
                </div>
            {/each}

/app/src/routes/imports/+page.svelte:326:9
Warn: A form label must be associated with a control
https://svelte.dev/e/a11y_label_has_associated_control (svelte)
    <div class="form-control w-full mb-4">
        <label class="label">Nguyên liệu</label>
        <select bind:value={editingItem.ingredientId} class="select select-bordered w-full">

/app/src/routes/imports/+page.svelte:337:13
Warn: A form label must be associated with a control
https://svelte.dev/e/a11y_label_has_associated_control (svelte)
        <div class="form-control">
            <label class="label">Số lượng</label>
            <input type="number" bind:value={editingItem.quantity} min="0" class="input input-bordered w-full" />

/app/src/routes/imports/+page.svelte:341:13
Warn: A form label must be associated with a control
https://svelte.dev/e/a11y_label_has_associated_control (svelte)
        <div class="form-control">
            <label class="label">Thành tiền</label>
            <input type="number" bind:value={editingItem.price} min="0" class="input input-bordered w-full" />

/app/src/routes/imports/+page.svelte:190:10
Error: Cannot use 'hasPermission' as a store. 'hasPermission' needs to be an object with a subscribe method on it.

No overload matches this call.
  Overload 1 of 2, '(store: SvelteStore<any>): any', gave the following error.
    Argument of type '(perm: Permission) => Readable<boolean>' is not assignable to parameter of type 'SvelteStore<any>'.
  Overload 2 of 2, '(store: SvelteStore<any> | null | undefined): any', gave the following error.
    Argument of type '(perm: Permission) => Readable<boolean>' is not assignable to parameter of type 'SvelteStore<any>'. (ts)

    {#if $hasPermission('manage_imports')}
    <div class="card bg-base-100 shadow-sm border border-slate-200 mb-8 p-4">

/app/src/routes/imports/+page.svelte:273:30
Error: Cannot use 'hasPermission' as a store. 'hasPermission' needs to be an object with a subscribe method on it.

No overload matches this call.
  Overload 1 of 2, '(store: SvelteStore<any>): any', gave the following error.
    Argument of type '(perm: Permission) => Readable<boolean>' is not assignable to parameter of type 'SvelteStore<any>'.
  Overload 2 of 2, '(store: SvelteStore<any> | null | undefined): any', gave the following error.
    Argument of type '(perm: Permission) => Readable<boolean>' is not assignable to parameter of type 'SvelteStore<any>'. (ts)
                        </div>
                        {#if $hasPermission('manage_imports')}
                            <div class="text-right">

/app/src/routes/imports/+page.svelte:306:38
Error: Cannot use 'hasPermission' as a store. 'hasPermission' needs to be an object with a subscribe method on it.

No overload matches this call.
  Overload 1 of 2, '(store: SvelteStore<any>): any', gave the following error.
    Argument of type '(perm: Permission) => Readable<boolean>' is not assignable to parameter of type 'SvelteStore<any>'.
  Overload 2 of 2, '(store: SvelteStore<any> | null | undefined): any', gave the following error.
    Argument of type '(perm: Permission) => Readable<boolean>' is not assignable to parameter of type 'SvelteStore<any>'. (ts)
                            <td>
                                {#if $hasPermission('manage_imports')}
                                    <button

/app/src/routes/ingredients/+page.svelte:144:17
Warn: A form label must be associated with a control
https://svelte.dev/e/a11y_label_has_associated_control (svelte)
            <div class="form-control md:col-span-2">
                <label class="label"><span class="label-text font-medium">Tìm kiếm</span></label>
                <input type="text" bind:value={searchTerm} class="input input-bordered w-full input-sm" placeholder="Mã, tên, nhà SX..." />

/app/src/routes/ingredients/+page.svelte:148:17
Warn: A form label must be associated with a control
https://svelte.dev/e/a11y_label_has_associated_control (svelte)
            <div class="form-control">
                <label class="label"><span class="label-text font-medium">Ngày tạo (Từ)</span></label>
                <input type="date" bind:value={startDate} class="input input-bordered w-full input-sm" />

/app/src/routes/ingredients/+page.svelte:152:17
Warn: A form label must be associated with a control
https://svelte.dev/e/a11y_label_has_associated_control (svelte)
            <div class="form-control">
                <label class="label"><span class="label-text font-medium">Ngày tạo (Đến)</span></label>
                <input type="date" bind:value={endDate} class="input input-bordered w-full input-sm" />

/app/src/routes/ingredients/+page.svelte:270:9
Warn: A form label must be associated with a control
https://svelte.dev/e/a11y_label_has_associated_control (svelte)
    <div class="form-control w-full mb-3">
        <label class="label"><span class="label-text">Mã hiển thị</span></label>
        <input type="text" bind:value={formData.code} class="input input-bordered w-full" placeholder="VD: TRUNG-GA" />

/app/src/routes/ingredients/+page.svelte:275:9
Warn: A form label must be associated with a control
https://svelte.dev/e/a11y_label_has_associated_control (svelte)
    <div class="form-control w-full mb-3">
        <label class="label"><span class="label-text">Tên Nguyên liệu</span></label>
        <input type="text" bind:value={formData.name} class="input input-bordered w-full" placeholder="VD: Trứng gà" />

/app/src/routes/ingredients/+page.svelte:280:9
Warn: A form label must be associated with a control
https://svelte.dev/e/a11y_label_has_associated_control (svelte)
    <div class="form-control w-full mb-3">
        <label class="label"><span class="label-text">Nhà Sản xuất</span></label>
        <select bind:value={formData.manufacturerId} class="select select-bordered w-full">

/app/src/routes/ingredients/+page.svelte:291:13
Warn: A form label must be associated with a control
https://svelte.dev/e/a11y_label_has_associated_control (svelte)
        <div class="form-control w-1/2">
            <label class="label"><span class="label-text">Đơn vị gốc</span></label>
            <select bind:value={formData.baseUnit} class="select select-bordered w-full" disabled={isEditing}>

/app/src/routes/ingredients/+page.svelte:299:13
Warn: A form label must be associated with a control
https://svelte.dev/e/a11y_label_has_associated_control (svelte)
        <div class="form-control w-1/2">
            <label class="label"><span class="label-text">Min-stock</span></label>
            <input type="number" bind:value={formData.minStock} class="input input-bordered w-full" />

/app/src/routes/partners/+page.svelte:180:9
Warn: A form label must be associated with a control
https://svelte.dev/e/a11y_label_has_associated_control (svelte)
    <div class="form-control mb-3">
        <label class="label"><span class="label-text">Tên Đối tác</span></label>
        <input type="text" bind:value={formData.name} class="input input-bordered w-full" placeholder="VD: Cửa hàng A" />

/app/src/routes/partners/+page.svelte:186:13
Warn: A form label must be associated with a control
https://svelte.dev/e/a11y_label_has_associated_control (svelte)
        <div class="form-control w-1/2">
            <label class="label"><span class="label-text">Loại hình</span></label>
            <select bind:value={formData.type} class="select select-bordered w-full">

/app/src/routes/partners/+page.svelte:195:17
Warn: A form label must be associated with a control
https://svelte.dev/e/a11y_label_has_associated_control (svelte)
            <div class="form-control w-1/2">
                <label class="label"><span class="label-text">Phân loại Khách</span></label>
                <select bind:value={formData.customerType} class="select select-bordered w-full">

/app/src/routes/partners/+page.svelte:205:9
Warn: A form label must be associated with a control
https://svelte.dev/e/a11y_label_has_associated_control (svelte)
    <div class="form-control mb-3">
        <label class="label"><span class="label-text">Số điện thoại</span></label>
        <input type="text" bind:value={formData.phone} class="input input-bordered w-full" />

/app/src/routes/partners/+page.svelte:210:9
Warn: A form label must be associated with a control
https://svelte.dev/e/a11y_label_has_associated_control (svelte)
    <div class="form-control mb-3">
        <label class="label"><span class="label-text">Địa chỉ</span></label>
        <input type="text" bind:value={formData.address} class="input input-bordered w-full" />

/app/src/routes/production/+page.svelte:287:9
Warn: Visible, non-interactive elements with a click event must be accompanied by a keyboard event handler. Consider whether an interactive element such as `<button type="button">` or `<a>` might be more appropriate
https://svelte.dev/e/a11y_click_events_have_key_events (svelte)
    <div class="bg-white p-4 rounded-lg shadow-sm border border-slate-200 mb-4 mx-2">
        <div class="form-control mb-4" on:click={() => isProductModalOpen = true}>
            <label class="label"><span class="label-text">Sản phẩm (Công thức)</span></label>
            <div class="flex items-center justify-between border rounded-lg p-3 bg-slate-50">
                {#if selectedProduct}
                    <span class="font-bold">{selectedProduct.name}</span>
                {:else}
                    <span class="text-slate-400">Chọn công thức...</span>
                {/if}
                <svg xmlns="http://www.w3.org/2000/svg" class="h-5 w-5 text-slate-400" viewBox="0 0 20 20" fill="currentColor"><path fill-rule="evenodd" d="M5.293 7.293a1 1 0 011.414 0L10 10.586l3.293-3.293a1 1 0 111.414 1.414l-4 4a1 1 0 01-1.414 0l-4-4a1 1 0 010-1.414z" clip-rule="evenodd" /></svg>
            </div>
        </div>

/app/src/routes/production/+page.svelte:287:9
Warn: `<div>` with a click handler must have an ARIA role
https://svelte.dev/e/a11y_no_static_element_interactions (svelte)
    <div class="bg-white p-4 rounded-lg shadow-sm border border-slate-200 mb-4 mx-2">
        <div class="form-control mb-4" on:click={() => isProductModalOpen = true}>
            <label class="label"><span class="label-text">Sản phẩm (Công thức)</span></label>
            <div class="flex items-center justify-between border rounded-lg p-3 bg-slate-50">
                {#if selectedProduct}
                    <span class="font-bold">{selectedProduct.name}</span>
                {:else}
                    <span class="text-slate-400">Chọn công thức...</span>
                {/if}
                <svg xmlns="http://www.w3.org/2000/svg" class="h-5 w-5 text-slate-400" viewBox="0 0 20 20" fill="currentColor"><path fill-rule="evenodd" d="M5.293 7.293a1 1 0 011.414 0L10 10.586l3.293-3.293a1 1 0 111.414 1.414l-4 4a1 1 0 01-1.414 0l-4-4a1 1 0 010-1.414z" clip-rule="evenodd" /></svg>
            </div>
        </div>

/app/src/routes/production/+page.svelte:288:13
Warn: A form label must be associated with a control
https://svelte.dev/e/a11y_label_has_associated_control (svelte)
        <div class="form-control mb-4" on:click={() => isProductModalOpen = true}>
            <label class="label"><span class="label-text">Sản phẩm (Công thức)</span></label>
            <div class="flex items-center justify-between border rounded-lg p-3 bg-slate-50">

/app/src/routes/production/+page.svelte:300:13
Warn: A form label must be associated with a control
https://svelte.dev/e/a11y_label_has_associated_control (svelte)
        <div class="form-control">
            <label class="label"><span class="label-text">Ngày SX</span></label>
            <input type="date" bind:value={productionDate} class="input input-bordered w-full" />

/app/src/routes/production/+page.svelte:310:21
Warn: A form label must be associated with a control
https://svelte.dev/e/a11y_label_has_associated_control (svelte)
                 <div class="form-control">
                    <label class="label"><span class="label-text text-xs">Tỉ lệ (Scale)</span></label>
                    <select bind:value={batchScale} on:change={handleScaleChange} class="select select-bordered select-sm w-full font-bold text-primary">

/app/src/routes/production/+page.svelte:322:21
Warn: A form label must be associated with a control
https://svelte.dev/e/a11y_label_has_associated_control (svelte)
                <div class="form-control">
                    <label class="label"><span class="label-text text-xs">Thành phẩm (Yield)</span></label>
                    <input type="number" bind:value={actualYield} class="input input-bordered input-sm w-full font-bold text-center" />

/app/src/routes/production/+page.svelte:399:9
Warn: Avoid using autofocus
https://svelte.dev/e/a11y_autofocus (svelte)
        class="input input-bordered w-full mb-4 sticky top-0"
        autofocus
    />

/app/src/routes/products/+page.svelte:136:21
Warn: Visible, non-interactive elements with a click event must be accompanied by a keyboard event handler. Consider whether an interactive element such as `<button type="button">` or `<a>` might be more appropriate
https://svelte.dev/e/a11y_click_events_have_key_events (svelte)
                 {#each paginatedProducts as item}
                    <div
                        class="bg-white p-4 rounded-lg shadow-sm border border-slate-100 flex flex-col gap-2 cursor-pointer active:bg-slate-50"
                        on:click={() => openRecipeViewMobile(item)}
                    >
                         <div class="flex justify-between items-start">
                             <h3 class="font-bold text-slate-800 text-lg">{item.name}</h3>
                             <span class="badge badge-lg badge-primary badge-outline">{item.sellingPrice?.toLocaleString()} đ</span>
                         </div>

                         <div class="text-sm text-slate-500">
                             Yield: <span class="font-mono text-slate-800">{item.estimatedYieldQty}</span>
                             <span class="mx-2">|</span>
                             Items: <span class="font-mono text-slate-800">{item.items?.length || 0}</span>
                         </div>

                         {#if $permissionStore.userPermissions.has('view_finance')}
                            <div class="flex justify-between items-center text-xs text-slate-400 mt-1">
                                <span>Giá vốn LT: {item.theoreticalCost?.toLocaleString()} đ</span>
                                {#if item.sellingPrice > 0}
                                    <span class="text-emerald-600 font-bold">
                                        Lãi: {((((item.sellingPrice || 0) - (item.theoreticalCost || 0)) / item.sellingPrice) * 100)?.toFixed(0)}%
                                    </span>
                                {/if}
                            </div>
                         {/if}

                         <div class="divider my-1"></div>
                         <div class="flex justify-end gap-2">
                            <button class="btn btn-xs btn-outline" on:click|stopPropagation={() => openEditModal(item)}>Sửa</button>
                            <button class="btn btn-xs btn-outline btn-error" on:click|stopPropagation={() => handleDelete(item.id)}>Xóa</button>
                         </div>
                    </div>
                 {/each}

/app/src/routes/products/+page.svelte:136:21
Warn: `<div>` with a click handler must have an ARIA role
https://svelte.dev/e/a11y_no_static_element_interactions (svelte)
                 {#each paginatedProducts as item}
                    <div
                        class="bg-white p-4 rounded-lg shadow-sm border border-slate-100 flex flex-col gap-2 cursor-pointer active:bg-slate-50"
                        on:click={() => openRecipeViewMobile(item)}
                    >
                         <div class="flex justify-between items-start">
                             <h3 class="font-bold text-slate-800 text-lg">{item.name}</h3>
                             <span class="badge badge-lg badge-primary badge-outline">{item.sellingPrice?.toLocaleString()} đ</span>
                         </div>

                         <div class="text-sm text-slate-500">
                             Yield: <span class="font-mono text-slate-800">{item.estimatedYieldQty}</span>
                             <span class="mx-2">|</span>
                             Items: <span class="font-mono text-slate-800">{item.items?.length || 0}</span>
                         </div>

                         {#if $permissionStore.userPermissions.has('view_finance')}
                            <div class="flex justify-between items-center text-xs text-slate-400 mt-1">
                                <span>Giá vốn LT: {item.theoreticalCost?.toLocaleString()} đ</span>
                                {#if item.sellingPrice > 0}
                                    <span class="text-emerald-600 font-bold">
                                        Lãi: {((((item.sellingPrice || 0) - (item.theoreticalCost || 0)) / item.sellingPrice) * 100)?.toFixed(0)}%
                                    </span>
                                {/if}
                            </div>
                         {/if}

                         <div class="divider my-1"></div>
                         <div class="flex justify-end gap-2">
                            <button class="btn btn-xs btn-outline" on:click|stopPropagation={() => openEditModal(item)}>Sửa</button>
                            <button class="btn btn-xs btn-outline btn-error" on:click|stopPropagation={() => handleDelete(item.id)}>Xóa</button>
                         </div>
                    </div>
                 {/each}

/app/src/routes/products/+page.svelte:189:33
Warn: Buttons and links should either contain text or have an `aria-label`, `aria-labelledby` or `title` attribute
https://svelte.dev/e/a11y_consider_explicit_label (svelte)
                            <td>
                                <button class="btn btn-xs btn-ghost btn-circle text-slate-400">
                                    <svg xmlns="http://www.w3.org/2000/svg" class="h-4 w-4 transform transition-transform {openRecipeId === item.id ? 'rotate-90' : ''}" fill="none" viewBox="0 0 24 24" stroke="currentColor"><path stroke-linecap="round" stroke-linejoin="round" stroke-width="2" d="M9 5l7 7-7 7" /></svg>
                                </button>
                            </td>

/app/src/routes/products/+page.svelte:315:13
Warn: A form label must be associated with a control
https://svelte.dev/e/a11y_label_has_associated_control (svelte)
        <div class="form-control">
            <label class="label"><span class="label-text">Tên Sản phẩm</span></label>
            <input type="text" bind:value={formData.name} class="input input-bordered w-full" placeholder="VD: Bánh Mì" />

/app/src/routes/products/+page.svelte:319:13
Warn: A form label must be associated with a control
https://svelte.dev/e/a11y_label_has_associated_control (svelte)
        <div class="form-control">
            <label class="label"><span class="label-text">Giá bán (đ)</span></label>
            <input type="number" bind:value={formData.sellingPrice} min="0" class="input input-bordered w-full" />

/app/src/routes/products/+page.svelte:323:13
Warn: A form label must be associated with a control
https://svelte.dev/e/a11y_label_has_associated_control (svelte)
        <div class="form-control">
            <label class="label"><span class="label-text">Yield (SL/mẻ)</span></label>
            <input type="number" bind:value={formData.estimatedYieldQty} min="1" class="input input-bordered w-full" />

/app/src/routes/products/+page.svelte:334:21
Warn: A form label must be associated with a control
https://svelte.dev/e/a11y_label_has_associated_control (svelte)
                <div class="form-control flex-grow">
                    <label class="label py-0"><span class="label-text text-xs">Nguyên liệu</span></label>
                    <select bind:value={item.ingredientId} class="select select-bordered select-sm w-full">

/app/src/routes/products/+page.svelte:343:21
Warn: A form label must be associated with a control
https://svelte.dev/e/a11y_label_has_associated_control (svelte)
                <div class="form-control w-24">
                    <label class="label py-0"><span class="label-text text-xs">Lượng</span></label>
                    <input type="number" bind:value={item.quantity} class="input input-bordered input-sm w-full text-right" />

/app/src/routes/reports/+page.svelte:145:17
Warn: A form label must be associated with a control
https://svelte.dev/e/a11y_label_has_associated_control (svelte)
            <div class="form-control">
                <label class="label py-0"><span class="label-text text-xs">Từ ngày</span></label>
                <input type="date" bind:value={startDate} class="input input-bordered w-full" />

/app/src/routes/reports/+page.svelte:149:17
Warn: A form label must be associated with a control
https://svelte.dev/e/a11y_label_has_associated_control (svelte)
            <div class="form-control">
                <label class="label py-0"><span class="label-text text-xs">Đến ngày</span></label>
                <input type="date" bind:value={endDate} class="input input-bordered w-full" />

/app/src/routes/sales/+page.svelte:347:5
Warn: Visible, non-interactive elements with a click event must be accompanied by a keyboard event handler. Consider whether an interactive element such as `<button type="button">` or `<a>` might be more appropriate
https://svelte.dev/e/a11y_click_events_have_key_events (svelte)
    <!-- 1. Customer Selection (Card) -->
    <div class="card bg-white shadow-sm border border-slate-200 p-4 mb-4 mx-2" on:click={() => isCustomerModalOpen = true}>
        <div class="flex justify-between items-center">
            <div>
                {#if customer}
                    <h2 class="font-bold text-lg text-primary">{customer.name}</h2>
                    <p class="text-sm text-slate-500">{customer.phone || 'Chưa có SĐT'}</p>
                    <p class="text-xs text-slate-400 mt-1 truncate max-w-[200px]">{shippingAddress || 'Chưa có địa chỉ'}</p>
                {:else}
                    <h2 class="font-bold text-lg text-slate-400">Chọn Khách hàng...</h2>
                    <p class="text-xs text-slate-400">Chạm để chọn</p>
                {/if}
            </div>
            <button class="btn btn-circle btn-sm btn-ghost">
                <svg xmlns="http://www.w3.org/2000/svg" class="h-6 w-6 text-slate-400" fill="none" viewBox="0 0 24 24" stroke="currentColor"><path stroke-linecap="round" stroke-linejoin="round" stroke-width="2" d="M9 5l7 7-7 7" /></svg>
            </button>
        </div>
    </div>

/app/src/routes/sales/+page.svelte:347:5
Warn: `<div>` with a click handler must have an ARIA role
https://svelte.dev/e/a11y_no_static_element_interactions (svelte)
    <!-- 1. Customer Selection (Card) -->
    <div class="card bg-white shadow-sm border border-slate-200 p-4 mb-4 mx-2" on:click={() => isCustomerModalOpen = true}>
        <div class="flex justify-between items-center">
            <div>
                {#if customer}
                    <h2 class="font-bold text-lg text-primary">{customer.name}</h2>
                    <p class="text-sm text-slate-500">{customer.phone || 'Chưa có SĐT'}</p>
                    <p class="text-xs text-slate-400 mt-1 truncate max-w-[200px]">{shippingAddress || 'Chưa có địa chỉ'}</p>
                {:else}
                    <h2 class="font-bold text-lg text-slate-400">Chọn Khách hàng...</h2>
                    <p class="text-xs text-slate-400">Chạm để chọn</p>
                {/if}
            </div>
            <button class="btn btn-circle btn-sm btn-ghost">
                <svg xmlns="http://www.w3.org/2000/svg" class="h-6 w-6 text-slate-400" fill="none" viewBox="0 0 24 24" stroke="currentColor"><path stroke-linecap="round" stroke-linejoin="round" stroke-width="2" d="M9 5l7 7-7 7" /></svg>
            </button>
        </div>
    </div>

/app/src/routes/sales/+page.svelte:359:13
Warn: Buttons and links should either contain text or have an `aria-label`, `aria-labelledby` or `title` attribute
https://svelte.dev/e/a11y_consider_explicit_label (svelte)
            </div>
            <button class="btn btn-circle btn-sm btn-ghost">
                <svg xmlns="http://www.w3.org/2000/svg" class="h-6 w-6 text-slate-400" fill="none" viewBox="0 0 24 24" stroke="currentColor"><path stroke-linecap="round" stroke-linejoin="round" stroke-width="2" d="M9 5l7 7-7 7" /></svg>
            </button>
        </div>

/app/src/routes/sales/+page.svelte:368:13
Warn: Visible, non-interactive elements with a click event must be accompanied by a keyboard event handler. Consider whether an interactive element such as `<button type="button">` or `<a>` might be more appropriate
https://svelte.dev/e/a11y_click_events_have_key_events (svelte)
        {#each orderItems as item, i}
            <div
                class="bg-white p-3 rounded-lg shadow-sm border border-slate-100 flex justify-between items-center relative"
                on:click={() => openEditItem(i)}
            >
                <div class="flex-1">
                    <div class="font-bold text-slate-700">{item.productName || 'Sản phẩm ' + i}</div>
                    <div class="text-xs text-slate-500 mt-1">
                        {item.quantity} x {item.unitPrice.toLocaleString()} đ
                    </div>
                </div>
                <div class="text-right">
                    <div class="font-bold text-primary">{item.lineTotal.toLocaleString()} đ</div>
                    <div class="text-[10px] text-slate-400">Chạm để sửa</div>
                </div>
            </div>
        {/each}

/app/src/routes/sales/+page.svelte:368:13
Warn: `<div>` with a click handler must have an ARIA role
https://svelte.dev/e/a11y_no_static_element_interactions (svelte)
        {#each orderItems as item, i}
            <div
                class="bg-white p-3 rounded-lg shadow-sm border border-slate-100 flex justify-between items-center relative"
                on:click={() => openEditItem(i)}
            >
                <div class="flex-1">
                    <div class="font-bold text-slate-700">{item.productName || 'Sản phẩm ' + i}</div>
                    <div class="text-xs text-slate-500 mt-1">
                        {item.quantity} x {item.unitPrice.toLocaleString()} đ
                    </div>
                </div>
                <div class="text-right">
                    <div class="font-bold text-primary">{item.lineTotal.toLocaleString()} đ</div>
                    <div class="text-[10px] text-slate-400">Chạm để sửa</div>
                </div>
            </div>
        {/each}

/app/src/routes/sales/+page.svelte:393:5
Warn: Buttons and links should either contain text or have an `aria-label`, `aria-labelledby` or `title` attribute
https://svelte.dev/e/a11y_consider_explicit_label (svelte)
    <!-- 3. Add Item Button (FAB) -->
    <button
        class="btn btn-circle btn-primary btn-lg fixed bottom-28 right-4 shadow-xl z-30"
        on:click={openProductSelector}
    >
        <svg xmlns="http://www.w3.org/2000/svg" class="h-8 w-8" fill="none" viewBox="0 0 24 24" stroke="currentColor"><path stroke-linecap="round" stroke-linejoin="round" stroke-width="2" d="M12 4v16m8-8H4" /></svg>
    </button>

/app/src/routes/sales/+page.svelte:466:9
Warn: Avoid using autofocus
https://svelte.dev/e/a11y_autofocus (svelte)
        class="input input-bordered w-full mb-4 sticky top-0"
        autofocus
    />

/app/src/routes/sales/+page.svelte:498:13
Warn: A form label must be associated with a control
https://svelte.dev/e/a11y_label_has_associated_control (svelte)
        <div class="form-control mb-4">
            <label class="label">Sản phẩm</label>
            <input type="text" value={editingItem.productName} disabled class="input input-bordered w-full bg-slate-100" />

/app/src/routes/sales/+page.svelte:503:17
Warn: A form label must be associated with a control
https://svelte.dev/e/a11y_label_has_associated_control (svelte)
            <div class="form-control w-1/2">
                <label class="label">Số lượng</label>
                <input type="number" bind:value={editingItem.quantity} min="1" class="input input-bordered w-full font-bold text-lg text-center" />

/app/src/routes/sales/+page.svelte:507:17
Warn: A form label must be associated with a control
https://svelte.dev/e/a11y_label_has_associated_control (svelte)
            <div class="form-control w-1/2">
                <label class="label">Đơn giá</label>
                <input type="number" bind:value={editingItem.unitPrice} class="input input-bordered w-full text-right" />

/app/src/routes/stocktake/+page.svelte:174:9
Warn: Visible, non-interactive elements with a click event must be accompanied by a keyboard event handler. Consider whether an interactive element such as `<button type="button">` or `<a>` might be more appropriate
https://svelte.dev/e/a11y_click_events_have_key_events (svelte)
    <div class="tabs tabs-boxed mb-4">
        <a class="tab {activeTab === 'ingredients' ? 'tab-active' : ''}" on:click={() => activeTab = 'ingredients'}>Nguyên liệu</a>
        <a class="tab {activeTab === 'assets' ? 'tab-active' : ''}" on:click={() => activeTab = 'assets'}>Công cụ & Tài sản</a>

/app/src/routes/stocktake/+page.svelte:174:9
Warn: `<a>` with a click handler must have an ARIA role
https://svelte.dev/e/a11y_no_static_element_interactions (svelte)
    <div class="tabs tabs-boxed mb-4">
        <a class="tab {activeTab === 'ingredients' ? 'tab-active' : ''}" on:click={() => activeTab = 'ingredients'}>Nguyên liệu</a>
        <a class="tab {activeTab === 'assets' ? 'tab-active' : ''}" on:click={() => activeTab = 'assets'}>Công cụ & Tài sản</a>

/app/src/routes/stocktake/+page.svelte:174:9
Warn: `<a>` element should have an href attribute
https://svelte.dev/e/a11y_missing_attribute (svelte)
    <div class="tabs tabs-boxed mb-4">
        <a class="tab {activeTab === 'ingredients' ? 'tab-active' : ''}" on:click={() => activeTab = 'ingredients'}>Nguyên liệu</a>
        <a class="tab {activeTab === 'assets' ? 'tab-active' : ''}" on:click={() => activeTab = 'assets'}>Công cụ & Tài sản</a>

/app/src/routes/stocktake/+page.svelte:175:9
Warn: Visible, non-interactive elements with a click event must be accompanied by a keyboard event handler. Consider whether an interactive element such as `<button type="button">` or `<a>` might be more appropriate
https://svelte.dev/e/a11y_click_events_have_key_events (svelte)
        <a class="tab {activeTab === 'ingredients' ? 'tab-active' : ''}" on:click={() => activeTab = 'ingredients'}>Nguyên liệu</a>
        <a class="tab {activeTab === 'assets' ? 'tab-active' : ''}" on:click={() => activeTab = 'assets'}>Công cụ & Tài sản</a>
    </div>

/app/src/routes/stocktake/+page.svelte:175:9
Warn: `<a>` with a click handler must have an ARIA role
https://svelte.dev/e/a11y_no_static_element_interactions (svelte)
        <a class="tab {activeTab === 'ingredients' ? 'tab-active' : ''}" on:click={() => activeTab = 'ingredients'}>Nguyên liệu</a>
        <a class="tab {activeTab === 'assets' ? 'tab-active' : ''}" on:click={() => activeTab = 'assets'}>Công cụ & Tài sản</a>
    </div>

/app/src/routes/stocktake/+page.svelte:175:9
Warn: `<a>` element should have an href attribute
https://svelte.dev/e/a11y_missing_attribute (svelte)
        <a class="tab {activeTab === 'ingredients' ? 'tab-active' : ''}" on:click={() => activeTab = 'ingredients'}>Nguyên liệu</a>
        <a class="tab {activeTab === 'assets' ? 'tab-active' : ''}" on:click={() => activeTab = 'assets'}>Công cụ & Tài sản</a>
    </div>

/app/src/routes/stocktake/+page.svelte:200:37
Warn: A form label must be associated with a control
https://svelte.dev/e/a11y_label_has_associated_control (svelte)
                                <div class="form-control w-1/2">
                                    <label class="label text-xs p-0 pb-1">Thực tế</label>
                                    <input type="number" bind:value={item.actualStock} class="input input-bordered input-sm font-bold text-primary" />

/app/src/routes/stocktake/+page.svelte:262:37
Warn: A form label must be associated with a control
https://svelte.dev/e/a11y_label_has_associated_control (svelte)
                                <div class="form-control">
                                    <label class="label text-xs p-0 pb-1 text-success">Tốt</label>
                                    <input type="number" bind:value={item.actualGood} class="input input-bordered input-sm font-bold" />

/app/src/routes/stocktake/+page.svelte:266:37
Warn: A form label must be associated with a control
https://svelte.dev/e/a11y_label_has_associated_control (svelte)
                                <div class="form-control">
                                    <label class="label text-xs p-0 pb-1 text-warning">Hỏng</label>
                                    <input type="number" bind:value={item.actualBroken} class="input input-bordered input-sm font-bold" />

/app/src/routes/stocktake/+page.svelte:270:37
Warn: A form label must be associated with a control
https://svelte.dev/e/a11y_label_has_associated_control (svelte)
                                <div class="form-control">
                                    <label class="label text-xs p-0 pb-1 text-error">Mất</label>
                                    <input type="number" bind:value={item.actualLost} class="input input-bordered input-sm font-bold" />

====================================
svelte-check found 5 errors and 80 warnings in 14 files
